<?xml version="1.0" encoding="UTF-8"?>
<!-- Generated by org.testng.reporters.JUnitReportReporter -->
<testsuite hostname="Srinivas" name="com.guru99.testCases.TC_loginDDT_001" tests="2" failures="0" timestamp="21 Sep 2021 08:25:15 GMT" time="5.996" errors="0">
  <testcase name="loginDDT" time="2.731" classname="com.guru99.testCases.TC_loginDDT_001"/>
  <testcase name="loginDDT" time="3.265" classname="com.guru99.testCases.TC_loginDDT_001"/>
</testsuite> <!-- com.guru99.testCases.TC_loginDDT_001 -->
